TN:
SF:src\router.ts
FN:29,(anonymous_0)
FN:43,(anonymous_1)
FNF:2
FNH:2
FNDA:4,(anonymous_0)
FNDA:5,(anonymous_1)
DA:1,2
DA:2,2
DA:3,2
DA:4,2
DA:6,2
DA:11,2
DA:14,2
DA:21,2
DA:29,4
DA:35,2
DA:43,5
DA:51,2
DA:57,2
DA:64,2
LF:14
LH:14
BRF:0
BRH:0
end_of_record
TN:
SF:src\server.ts
FN:8,connectDB
FN:28,(anonymous_2)
FNF:2
FNH:2
FNDA:2,connectDB
FNDA:1,(anonymous_2)
DA:1,2
DA:2,2
DA:3,2
DA:4,2
DA:9,2
DA:10,2
DA:11,1
DA:15,0
DA:18,2
DA:21,2
DA:24,2
DA:26,2
DA:28,2
DA:29,1
DA:32,2
LF:15
LH:14
BRF:0
BRH:0
end_of_record
TN:
SF:src\config\db.ts
FNF:0
FNH:0
DA:1,2
DA:2,2
DA:3,2
DA:5,2
DA:10,2
LF:5
LH:5
BRF:0
BRH:0
end_of_record
TN:
SF:src\handlers\product.ts
FN:5,(anonymous_1)
FN:16,(anonymous_2)
FN:32,(anonymous_3)
FN:39,(anonymous_4)
FN:57,(anonymous_5)
FN:75,(anonymous_6)
FNF:6
FNH:6
FNDA:2,(anonymous_1)
FNDA:2,(anonymous_2)
FNDA:1,(anonymous_3)
FNDA:2,(anonymous_4)
FNDA:2,(anonymous_5)
FNDA:2,(anonymous_6)
DA:2,2
DA:5,2
DA:6,2
DA:12,2
DA:16,2
DA:18,2
DA:19,2
DA:21,2
DA:22,1
DA:27,1
DA:32,2
DA:34,1
DA:35,1
DA:39,2
DA:40,2
DA:41,2
DA:43,2
DA:44,1
DA:50,1
DA:51,1
DA:53,1
DA:57,2
DA:58,2
DA:59,2
DA:61,2
DA:62,1
DA:68,1
DA:69,1
DA:71,1
DA:75,2
DA:76,2
DA:77,2
DA:79,2
DA:80,1
DA:85,1
DA:86,1
LF:36
LH:36
BRDA:21,0,0,1
BRDA:43,1,0,1
BRDA:61,2,0,1
BRDA:79,3,0,1
BRF:4
BRH:4
end_of_record
TN:
SF:src\middleware\index.ts
FN:5,(anonymous_0)
FNF:1
FNH:1
FNDA:17,(anonymous_0)
DA:2,2
DA:5,2
DA:6,17
DA:7,17
DA:8,8
DA:10,9
LF:6
LH:6
BRDA:7,0,0,8
BRF:1
BRH:1
end_of_record
TN:
SF:src\models\Product.model.ts
FNF:0
FNH:0
DA:1,2
DA:7,2
DA:11,2
DA:16,2
DA:23,2
DA:26,2
LF:6
LH:6
BRF:0
BRH:0
end_of_record
